<?xml version="1.0" encoding="UTF-8"?>
<testsuite name="TestSuite" time="0" tests="2" errors="0" skipped="1" failures="1">
  <properties>
    <property name="java.runtime.name" value="Java(TM) SE Runtime Environment"/>
    <property name="sun.boot.library.path" value="C:\Program Files\Java\jdk1.8.0_71\jre\bin"/>
    <property name="java.vm.version" value="25.71-b15"/>
    <property name="java.vm.vendor" value="Oracle Corporation"/>
    <property name="maven.multiModuleProjectDirectory" value="C:\Users\admin\housingman\workspace\hybridframework_Selenium"/>
    <property name="java.vendor.url" value="http://java.oracle.com/"/>
    <property name="path.separator" value=";"/>
    <property name="guice.disable.misplaced.annotation.check" value="true"/>
    <property name="java.vm.name" value="Java HotSpot(TM) 64-Bit Server VM"/>
    <property name="file.encoding.pkg" value="sun.io"/>
    <property name="user.script" value=""/>
    <property name="user.country" value="US"/>
    <property name="sun.java.launcher" value="SUN_STANDARD"/>
    <property name="sun.os.patch.level" value="Service Pack 1"/>
    <property name="java.vm.specification.name" value="Java Virtual Machine Specification"/>
    <property name="user.dir" value="C:\Users\admin\housingman\workspace\hybridframework_Selenium"/>
    <property name="java.runtime.version" value="1.8.0_71-b15"/>
    <property name="java.awt.graphicsenv" value="sun.awt.Win32GraphicsEnvironment"/>
    <property name="java.endorsed.dirs" value="C:\Program Files\Java\jdk1.8.0_71\jre\lib\endorsed"/>
    <property name="os.arch" value="amd64"/>
    <property name="java.io.tmpdir" value="C:\Users\admin\AppData\Local\Temp\"/>
    <property name="line.separator" value="&#10;"/>
    <property name="java.vm.specification.vendor" value="Oracle Corporation"/>
    <property name="user.variant" value=""/>
    <property name="os.name" value="Windows 7"/>
    <property name="classworlds.conf" value="C:\Users\admin\housingman\workspace\.metadata\.plugins\org.eclipse.m2e.launching\launches\m2conf2247241857706069842.tmp"/>
    <property name="sun.jnu.encoding" value="Cp1252"/>
    <property name="java.library.path" value="C:\Program Files\Java\jdk1.8.0_71\bin;C:\Windows\Sun\Java\bin;C:\Windows\system32;C:\Windows;C:/Program Files/Java/jre1.8.0_71/bin/server;C:/Program Files/Java/jre1.8.0_71/bin;C:/Program Files/Java/jre1.8.0_71/lib/amd64;C:\ProgramData\Oracle\Java\javapath;C:\Program Files\Dell\DW WLAN Card;C:\Windows\system32;C:\Windows;C:\Windows\System32\Wbem;C:\Windows\System32\WindowsPowerShell\v1.0\;C:\Program Files\WIDCOMM\Bluetooth Software\;C:\Program Files\WIDCOMM\Bluetooth Software\syswow64;C:\Program Files (x86)\Skype\Phone\;C:\Program Files (x86)\MySQL\MySQL Fabric 1.5 &amp; MySQL Utilities 1.5\;C:\Program Files (x86)\MySQL\MySQL Fabric 1.5 &amp; MySQL Utilities 1.5\Doctrine extensions for PHP\;C:\apache-ant-1.9.7\bin;C:\Program Files\Java\jdk1.8.0_71\bin;E:\SDK\platform-tools;E:\SDK\platforms;C:\Program Files\nodejs\bin;D:\apache-maven-3.3.9\bin;C:\Program Files\Git\cmd;C:\Program Files\Git\bin;C:\Users\admin\Documents\source\gradle-2.10\bin;C:\Program Files (x86)\QuickTime\QTSystem;C:\Program Files\nodejs;C:\Program Files\TortoiseSVN\bin;C:\Program Files\nodejs\;C:\ProgramData\Oracle\Java\javapath;C:\Program Files\Dell\DW WLAN Card;C:\Windows\system32;C:\Windows;C:\Windows\System32\Wbem;C:\Windows\System32\WindowsPowerShell\v1.0\;C:\Program Files\WIDCOMM\Bluetooth Software\;C:\Program Files\WIDCOMM\Bluetooth Software\syswow64;C:\Program Files (x86)\Skype\Phone\;C:\Program Files (x86)\MySQL\MySQL Fabric 1.5 &amp; MySQL Utilities 1.5\;C:\Program Files (x86)\MySQL\MySQL Fabric 1.5 &amp; MySQL Utilities 1.5\Doctrine extensions for PHP\;C:\apache-ant-1.9.7\bin;C:\Program Files\Java\jdk1.8.0_71\bin;E:\SDK\tools;E:\SDK\platforms;C:\Program Files\nodejs\bin;D:\apache-maven-3.3.9\bin;C:\Program Files\Java\jre1.8.0_71\bin;C:\Users\admin\AppData\Roaming\npm;D:\eclipse;;."/>
    <property name="java.specification.name" value="Java Platform API Specification"/>
    <property name="java.class.version" value="52.0"/>
    <property name="sun.management.compiler" value="HotSpot 64-Bit Tiered Compilers"/>
    <property name="os.version" value="6.1"/>
    <property name="user.home" value="C:\Users\admin"/>
    <property name="user.timezone" value="Asia/Calcutta"/>
    <property name="java.awt.printerjob" value="sun.awt.windows.WPrinterJob"/>
    <property name="java.specification.version" value="1.8"/>
    <property name="file.encoding" value="UTF-8"/>
    <property name="user.name" value="admin"/>
    <property name="java.class.path" value="/D:/eclipse/plugins/org.eclipse.m2e.maven.runtime_1.6.2.20150902-0001/jars/plexus-classworlds-2.5.2.jar"/>
    <property name="java.vm.specification.version" value="1.8"/>
    <property name="sun.arch.data.model" value="64"/>
    <property name="java.home" value="C:\Program Files\Java\jdk1.8.0_71\jre"/>
    <property name="sun.java.command" value="org.codehaus.plexus.classworlds.launcher.Launcher -B install"/>
    <property name="java.specification.vendor" value="Oracle Corporation"/>
    <property name="user.language" value="en"/>
    <property name="awt.toolkit" value="sun.awt.windows.WToolkit"/>
    <property name="java.vm.info" value="mixed mode"/>
    <property name="java.version" value="1.8.0_71"/>
    <property name="java.ext.dirs" value="C:\Program Files\Java\jdk1.8.0_71\jre\lib\ext;C:\Windows\Sun\Java\lib\ext"/>
    <property name="sun.boot.class.path" value="C:\Program Files\Java\jdk1.8.0_71\jre\lib\resources.jar;C:\Program Files\Java\jdk1.8.0_71\jre\lib\rt.jar;C:\Program Files\Java\jdk1.8.0_71\jre\lib\sunrsasign.jar;C:\Program Files\Java\jdk1.8.0_71\jre\lib\jsse.jar;C:\Program Files\Java\jdk1.8.0_71\jre\lib\jce.jar;C:\Program Files\Java\jdk1.8.0_71\jre\lib\charsets.jar;C:\Program Files\Java\jdk1.8.0_71\jre\lib\jfr.jar;C:\Program Files\Java\jdk1.8.0_71\jre\classes"/>
    <property name="java.vendor" value="Oracle Corporation"/>
    <property name="maven.home" value="C:\Users\admin\housingman\workspace\hybridframework_Selenium\EMBEDDED"/>
    <property name="file.separator" value="\"/>
    <property name="java.vendor.url.bug" value="http://bugreport.sun.com/bugreport/"/>
    <property name="sun.cpu.endian" value="little"/>
    <property name="sun.io.unicode.encoding" value="UnicodeLittle"/>
    <property name="sun.desktop" value="windows"/>
    <property name="sun.cpu.isalist" value="amd64"/>
  </properties>
  <testcase name="flight_SearchListingTestCase" classname="com.hybridframework_Selenium.testcases.TC005_Flight_SearchListingTestCase" time="0">
    <skipped/>
    <system-out><![CDATA[...
... TestNG 6.10 by Cédric Beust (cedric@beust.com)
...

2017-09-03 14:51:02 INFO  Keywords:439 - Executable test cases name is :flightSearchlistTestCase
2017-09-03 14:51:02 INFO  Keywords:439 - openBrowser--browserName--
2017-09-03 14:51:05 INFO  Keywords:439 - Opening the chromeBrowser in Windows 7System
2017-09-03 14:51:06 INFO  Keywords:439 - navigateURL--URL--
2017-09-03 14:51:06 INFO  Keywords:439 - Navigating the URL. The Domain Name is https://www.makemytrip.com/
2017-09-03 14:51:27 INFO  Keywords:439 - click--homepage.from.box--
2017-09-03 14:51:27 INFO  Keywords:439 - Clicking the given object. and the element is =>>[[ChromeDriver: chrome on XP (3f59e91e3da574382961d9baf30e04d4)] -> id: hp-widget__sfrom]
2017-09-03 14:51:28 INFO  Keywords:439 - selectdivOptions--homepage.from.options--Delhi
2017-09-03 14:51:29 INFO  Keywords:439 - click--homepage.to.box--
2017-09-03 14:51:29 INFO  Keywords:439 - Clicking the given object. and the element is =>>[[ChromeDriver: chrome on XP (3f59e91e3da574382961d9baf30e04d4)] -> id: hp-widget__sTo]
2017-09-03 14:51:30 INFO  Keywords:439 - selectdivOptions--homepage.to.options--Mumbai
2017-09-03 14:51:31 INFO  Keywords:439 - click--homepage.go.date--
2017-09-03 14:51:31 INFO  Keywords:439 - Clicking the given object. and the element is =>>[[ChromeDriver: chrome on XP (3f59e91e3da574382961d9baf30e04d4)] -> id: hp-widget__depart]
2017-09-03 14:51:32 INFO  Keywords:439 - chooseDate----12-October 2017
12
October 2017
Selected Date:12
2017-09-03 14:51:33 INFO  Keywords:439 - click--homepage.passenger--
2017-09-03 14:51:33 INFO  Keywords:439 - Clicking the given object. and the element is =>>[[ChromeDriver: chrome on XP (3f59e91e3da574382961d9baf30e04d4)] -> id: hp-widget__paxCounter]
2017-09-03 14:51:34 INFO  Keywords:439 - chooseAdults----2
2017-09-03 14:51:35 INFO  Keywords:439 - chooseChildrans----0
2017-09-03 14:51:35 INFO  Keywords:439 - chooseInfants----0
2017-09-03 14:51:35 INFO  Keywords:439 - click--homepage.passenger.done--
2017-09-03 14:51:35 INFO  Keywords:439 - Clicking the given object. and the element is =>>[[ChromeDriver: chrome on XP (3f59e91e3da574382961d9baf30e04d4)] -> xpath: //*[@id='js-filterOptins']/div/div[9]/div/p/a]
2017-09-03 14:51:36 INFO  Keywords:439 - verifyHiddenValue--homepage.passenger--
2 Passengers
2017-09-03 14:51:37 INFO  Keywords:439 - click--homepage.class--
2017-09-03 14:51:37 INFO  Keywords:439 - Clicking the given object. and the element is =>>[[ChromeDriver: chrome on XP (3f59e91e3da574382961d9baf30e04d4)] -> id: hp-widget__class]
2017-09-03 14:51:38 INFO  Keywords:439 - chooseClass----Economy
2017-09-03 14:51:38 INFO  Keywords:439 - click--homepage.searchbtn--
2017-09-03 14:51:38 INFO  Keywords:439 - Clicking the given object. and the element is =>>[[ChromeDriver: chrome on XP (3f59e91e3da574382961d9baf30e04d4)] -> id: searchBtn]
2017-09-03 14:51:47 INFO  Keywords:439 - verifyTotalinSplit--listingpage.total--
2017-09-03 14:51:47 INFO  Keywords:439 - scrollDownVerifyCount--listingpage.nameslist|listingpage.total--
70
81
81
2017-09-03 14:52:02 INFO  Keywords:439 - printAllprojectnames--listingpage.nameslist--
1.IndiGo
6E-171
2.IndiGo
6E-993
3.IndiGo
6E-167
4.IndiGo
6E-181
5.IndiGo
6E-223
6.IndiGo
6E-957
7.IndiGo
6E-3175
8.IndiGo
6E-189
9.IndiGo
6E-755
10.IndiGo
6E-191
11.IndiGo
6E-129
12.IndiGo
6E-843
13.IndiGo
6E-197
14.IndiGo
6E-185
15.IndiGo
6E-665
16.IndiGo
6E-155
17.Jet Airways
9W-302
18.Jet Airways
9W-358
19.Jet Airways
9W-316
20.Jet Airways
9W-340
21.Jet Airways
9W-352
22.Jet Airways
9W-362
23.Jet Airways
9W-312
24.Jet Airways
9W-304
25.Spicejet
SG-153
26.Spicejet
SG-161
27.Spicejet
SG-169
28.Spicejet
SG-159
29.Go Air
G8-530
30.Go Air
G8-334
31.Go Air
G8-338
32.Go Air
G8-336
33.Go Air
G8-446
34.Go Air
G8-429
35.Go Air
G8-544
36.IndiGo
6E-191
37.IndiGo
6E-185
38.Jet Airways
9W-332
39.Jet Airways
9W-336
40.Jet Airways
9W-308
41.Jet Airways
9W-373
42.Jet Airways
9W-334
43.Jet Airways
9W-376
44.Jet Airways
9W-354
45.Jet Airways
9W-384
46.Air India
AI-887
47.Air India
AI-665
48.Air India
AI-678
49.Air India
AI-863
50.Air India
AI-636
51.Air India
AI-102
52.Air India
AI-24
53.Air India
AI-624
54.Air India
AI-805
55.Air India
AI-191
56.Air India
AI-315
57.IndiGo
6E-702/ 568
58.Vistara
UK-975
59.Vistara
UK-943
60.Vistara
UK-963
61.Vistara
UK-995
62.Vistara
UK-983
63.Vistara
UK-993
64.Vistara
UK-933
65.Vistara
UK-981
66.IndiGo
6E-4373/ 984
67.IndiGo
6E-179
68.Jet Airways
9W-2249
69.Vistara
UK-977
70.Go Air
G8-640
71.IndiGo
6E-517/ 214
72.Air India
AI-491
73.Air India
AI-471
74.Jet Airways
9W-793
75.IndiGo
6E-161/ 403
76.Jet Airways
9W-7065
77.Jet Airways
9W-2261
78.Air India
AI-865
79.Vistara
UK-955
80.Air India
AI-441
81.Jet Airways
9W-2690
2017-09-03 14:52:05 INFO  Keywords:439 - chooseOnBook--listingpage.nameslist|listingpage.flightprice|flightreviewpage.finalprice--6E-957
5108-5108
Matching the actual result
null
======RETRYING TESTCASES  flight_SearchListingTestCase AND THE STATUS IS : Fail FOR THE RETRY COUNT IS 1 times====
]]></system-out>
    <system-err><![CDATA[log4j:WARN No appenders could be found for logger (com.hybridframework_Selenium.testBase.TestBase).
log4j:WARN Please initialize the log4j system properly.
log4j:WARN See http://logging.apache.org/log4j/1.2/faq.html#noconfig for more info.
Starting ChromeDriver 2.25.426923 (0390b88869384d6eb0d5d09729679f934aab9eed) on port 36319
Only local connections are allowed.
Sep 03, 2017 2:51:05 PM org.openqa.selenium.remote.ProtocolHandshake createSession
INFO: Detected dialect: OSS
]]></system-err>
  </testcase>
  <testcase name="flight_SearchListingTestCase" classname="com.hybridframework_Selenium.testcases.TC005_Flight_SearchListingTestCase" time="107.819">
    <failure message="For input string: &quot;Rs. 5,606&quot;" type="java.lang.NumberFormatException">java.lang.NumberFormatException: For input string: "Rs. 5,606"
	at java.lang.NumberFormatException.forInputString(NumberFormatException.java:65)
	at java.lang.Integer.parseInt(Integer.java:580)
	at java.lang.Integer.parseInt(Integer.java:615)
	at com.hybridframework_Selenium.testScripts.Keywords.chooseOnBook(Keywords.java:411)
	at com.hybridframework_Selenium.testScripts.Keywords.executeKeywords(Keywords.java:132)
	at com.hybridframework_Selenium.testcases.TC005_Flight_SearchListingTestCase.flight_SearchListingTestCase(TC005_Flight_SearchListingTestCase.java:18)
</failure>
    <system-out><![CDATA[2017-09-03 14:52:41 INFO  TestBase:330 - Automation test is skipped. This Test Name is flight_SearchListingTestCase
2017-09-03 14:52:41 INFO  TestBase:330 - Automation test is Start, Test name is: flight_SearchListingTestCase
2017-09-03 14:52:41 INFO  Keywords:439 - Executable test cases name is :flightSearchlistTestCase
2017-09-03 14:52:41 INFO  Keywords:439 - openBrowser--browserName--
2017-09-03 14:52:43 INFO  Keywords:439 - Opening the chromeBrowser in Windows 7System
2017-09-03 14:52:43 INFO  Keywords:439 - navigateURL--URL--
2017-09-03 14:52:43 INFO  Keywords:439 - Navigating the URL. The Domain Name is https://www.makemytrip.com/
2017-09-03 14:53:04 INFO  Keywords:439 - click--homepage.from.box--
2017-09-03 14:53:04 INFO  Keywords:439 - Clicking the given object. and the element is =>>[[ChromeDriver: chrome on XP (8c0f409c55407f6c3c1c12c7c0c42d79)] -> id: hp-widget__sfrom]
2017-09-03 14:53:05 INFO  Keywords:439 - selectdivOptions--homepage.from.options--Delhi
2017-09-03 14:53:05 INFO  Keywords:439 - click--homepage.to.box--
2017-09-03 14:53:06 INFO  Keywords:439 - Clicking the given object. and the element is =>>[[ChromeDriver: chrome on XP (8c0f409c55407f6c3c1c12c7c0c42d79)] -> id: hp-widget__sTo]
2017-09-03 14:53:07 INFO  Keywords:439 - selectdivOptions--homepage.to.options--Mumbai
2017-09-03 14:53:08 INFO  Keywords:439 - click--homepage.go.date--
2017-09-03 14:53:08 INFO  Keywords:439 - Clicking the given object. and the element is =>>[[ChromeDriver: chrome on XP (8c0f409c55407f6c3c1c12c7c0c42d79)] -> id: hp-widget__depart]
2017-09-03 14:53:09 INFO  Keywords:439 - chooseDate----12-October 2017
12
October 2017
Selected Date:12
2017-09-03 14:53:10 INFO  Keywords:439 - click--homepage.passenger--
2017-09-03 14:53:10 INFO  Keywords:439 - Clicking the given object. and the element is =>>[[ChromeDriver: chrome on XP (8c0f409c55407f6c3c1c12c7c0c42d79)] -> id: hp-widget__paxCounter]
2017-09-03 14:53:11 INFO  Keywords:439 - chooseAdults----2
2017-09-03 14:53:12 INFO  Keywords:439 - chooseChildrans----0
2017-09-03 14:53:12 INFO  Keywords:439 - chooseInfants----0
2017-09-03 14:53:12 INFO  Keywords:439 - click--homepage.passenger.done--
2017-09-03 14:53:12 INFO  Keywords:439 - Clicking the given object. and the element is =>>[[ChromeDriver: chrome on XP (8c0f409c55407f6c3c1c12c7c0c42d79)] -> xpath: //*[@id='js-filterOptins']/div/div[9]/div/p/a]
2017-09-03 14:53:13 INFO  Keywords:439 - verifyHiddenValue--homepage.passenger--
2 Passengers
2017-09-03 14:53:13 INFO  Keywords:439 - click--homepage.class--
2017-09-03 14:53:13 INFO  Keywords:439 - Clicking the given object. and the element is =>>[[ChromeDriver: chrome on XP (8c0f409c55407f6c3c1c12c7c0c42d79)] -> id: hp-widget__class]
2017-09-03 14:53:14 INFO  Keywords:439 - chooseClass----Economy
2017-09-03 14:53:14 INFO  Keywords:439 - click--homepage.searchbtn--
2017-09-03 14:53:14 INFO  Keywords:439 - Clicking the given object. and the element is =>>[[ChromeDriver: chrome on XP (8c0f409c55407f6c3c1c12c7c0c42d79)] -> id: searchBtn]
2017-09-03 14:53:45 INFO  Keywords:439 - verifyTotalinSplit--listingpage.total--
2017-09-03 14:53:54 INFO  Keywords:439 - scrollDownVerifyCount--listingpage.nameslist|listingpage.total--
70
80
80
2017-09-03 14:53:55 INFO  Keywords:439 - printAllprojectnames--listingpage.nameslist--
1.IndiGo
6E-171
2.IndiGo
6E-993
3.IndiGo
6E-167
4.IndiGo
6E-181
5.IndiGo
6E-223
6.IndiGo
6E-957
7.IndiGo
6E-3175
8.IndiGo
6E-189
9.IndiGo
6E-755
10.IndiGo
6E-191
11.IndiGo
6E-129
12.IndiGo
6E-843
13.IndiGo
6E-197
14.IndiGo
6E-185
15.IndiGo
6E-665
16.IndiGo
6E-155
17.Jet Airways
9W-302
18.Jet Airways
9W-358
19.Jet Airways
9W-316
20.Jet Airways
9W-340
21.Jet Airways
9W-352
22.Jet Airways
9W-362
23.Jet Airways
9W-312
24.Jet Airways
9W-304
25.Spicejet
SG-153
26.Spicejet
SG-161
27.Spicejet
SG-169
28.Spicejet
SG-159
29.Go Air
G8-530
30.Go Air
G8-334
31.Go Air
G8-338
32.Go Air
G8-336
33.Go Air
G8-446
34.Go Air
G8-429
35.Go Air
G8-544
36.IndiGo
6E-191
37.Jet Airways
9W-332
38.Jet Airways
9W-336
39.Jet Airways
9W-308
40.Jet Airways
9W-373
41.Jet Airways
9W-334
42.Jet Airways
9W-376
43.Jet Airways
9W-354
44.Jet Airways
9W-384
45.Air India
AI-887
46.Air India
AI-665
47.Air India
AI-678
48.Air India
AI-863
49.Air India
AI-636
50.Air India
AI-102
51.Air India
AI-24
52.Air India
AI-624
53.Air India
AI-805
54.Air India
AI-191
55.Air India
AI-315
56.IndiGo
6E-702/ 568
57.Vistara
UK-975
58.Vistara
UK-943
59.Vistara
UK-963
60.Vistara
UK-995
61.Vistara
UK-983
62.Vistara
UK-993
63.Vistara
UK-933
64.Vistara
UK-981
65.IndiGo
6E-4373/ 984
66.IndiGo
6E-179
67.Jet Airways
9W-2249
68.Vistara
UK-977
69.Go Air
G8-640
70.IndiGo
6E-517/ 214
71.Air India
AI-491
72.Air India
AI-471
73.Jet Airways
9W-793
74.IndiGo
6E-161/ 403
75.Jet Airways
9W-7065
76.Jet Airways
9W-2261
77.Air India
AI-865
78.Vistara
UK-955
79.Air India
AI-441
80.Jet Airways
9W-2690
2017-09-03 14:53:58 INFO  Keywords:439 - chooseOnBook--listingpage.nameslist|listingpage.flightprice|flightreviewpage.finalprice--6E-957
5108-5108
Matching the actual result
null
]]></system-out>
    <system-err><![CDATA[Starting ChromeDriver 2.25.426923 (0390b88869384d6eb0d5d09729679f934aab9eed) on port 16046
Only local connections are allowed.
Sep 03, 2017 2:52:43 PM org.openqa.selenium.remote.ProtocolHandshake createSession
INFO: Detected dialect: OSS
]]></system-err>
  </testcase>
</testsuite>