<?xml version="1.0" encoding="UTF-8"?>
<!-- Generated by org.testng.reporters.JUnitReportReporter -->
<testsuite name="com.hybridframework_Selenium.testcases.TC004_NormalSignUpFlowTest" tests="1" time="2.409" ignored="0" failures="0" timestamp="08 Aug 2017 16:15:28 GMT" skipped="1" hostname="admin-PC" errors="0">
  <testcase name="normalSignUpTestcase" time="2.409" classname="com.hybridframework_Selenium.testcases.TC004_NormalSignUpFlowTest">
    <skipped/>
  </testcase> <!-- normalSignUpTestcase -->
</testsuite> <!-- com.hybridframework_Selenium.testcases.TC004_NormalSignUpFlowTest -->
