<?xml version="1.0" encoding="UTF-8"?>
<!-- Generated by org.testng.reporters.JUnitReportReporter -->
<testsuite name="com.hybridframework_Selenium.testcases.TC006_HotelSearchlistTestCase" tests="1" time="231.584" ignored="0" failures="0" timestamp="10 Sep 2017 16:41:03 GMT" skipped="0" hostname="admin-PC" errors="0">
  <testcase name="hotelSearchlistTestCase" time="231.584" classname="com.hybridframework_Selenium.testcases.TC006_HotelSearchlistTestCase"/>
</testsuite> <!-- com.hybridframework_Selenium.testcases.TC006_HotelSearchlistTestCase -->
