<?xml version="1.0" encoding="UTF-8"?>
<!-- Generated by org.testng.reporters.JUnitReportReporter -->
<testsuite name="com.hybridframework_Selenium.testcases.TC003_NormalFlowLoginTest" tests="1" time="0.001" ignored="0" failures="0" timestamp="25 Jul 2017 12:22:28 GMT" skipped="1" hostname="admin-PC" errors="0">
  <testcase name="NormalFlowLoginTestcase" time="0.001" classname="com.hybridframework_Selenium.testcases.TC003_NormalFlowLoginTest">
    <skipped/>
  </testcase> <!-- NormalFlowLoginTestcase -->
</testsuite> <!-- com.hybridframework_Selenium.testcases.TC003_NormalFlowLoginTest -->
