<?xml version="1.0" encoding="UTF-8"?>
<!-- Generated by org.testng.reporters.JUnitReportReporter -->
<testsuite name="com.hybridframework_Selenium.testcases.TC005_Flight_SearchListingTestCase" tests="1" time="1.530" ignored="0" failures="0" timestamp="02 Sep 2017 15:28:22 GMT" skipped="1" hostname="admin-PC" errors="0">
  <testcase name="flight_SearchListingTestCase" time="1.530" classname="com.hybridframework_Selenium.testcases.TC005_Flight_SearchListingTestCase">
    <skipped/>
  </testcase> <!-- flight_SearchListingTestCase -->
</testsuite> <!-- com.hybridframework_Selenium.testcases.TC005_Flight_SearchListingTestCase -->
