<?xml version="1.0" encoding="UTF-8"?>
<!-- Generated by org.testng.reporters.JUnitReportReporter -->
<testsuite name="practices.LinkedInTest" tests="1" time="34.210" ignored="0" failures="0" timestamp="25 Jul 2017 14:02:14 GMT" skipped="0" hostname="admin-PC" errors="0">
  <testcase name="test" time="34.210" classname="practices.LinkedInTest"/>
</testsuite> <!-- practices.LinkedInTest -->
