<?xml version="1.0" encoding="UTF-8"?>
<!-- Generated by org.testng.reporters.JUnitReportReporter -->
<testsuite name="practices.TestSample2" tests="1" time="330.789" ignored="0" failures="0" timestamp="21 Jul 2017 16:37:34 GMT" skipped="0" hostname="admin-PC" errors="0">
  <testcase name="test" time="330.789" classname="practices.TestSample2"/>
</testsuite> <!-- practices.TestSample2 -->
