<?xml version="1.0" encoding="UTF-8"?>
<!-- Generated by org.testng.reporters.JUnitReportReporter -->
<testsuite name="com.hybridframework_Selenium.testcases.TC005_Flight_SearchListingTestCase" tests="1" time="0.002" ignored="0" failures="0" timestamp="25 Jul 2017 12:22:28 GMT" skipped="1" hostname="admin-PC" errors="0">
  <testcase name="Flight_SearchListingTestCase" time="0.002" classname="com.hybridframework_Selenium.testcases.TC005_Flight_SearchListingTestCase">
    <skipped/>
  </testcase> <!-- Flight_SearchListingTestCase -->
</testsuite> <!-- com.hybridframework_Selenium.testcases.TC005_Flight_SearchListingTestCase -->
