<?xml version="1.0" encoding="UTF-8"?>
<!-- Generated by org.testng.reporters.JUnitReportReporter -->
<testsuite name="com.hybridframework_Selenium.testcases.TC005_Flight_SearchListingTestCase" tests="1" time="74.699" ignored="0" failures="0" timestamp="19 Jul 2017 11:24:31 GMT" skipped="0" hostname="admin-PC" errors="0">
  <testcase name="Flight_SearchListingTestCase" time="74.699" classname="com.hybridframework_Selenium.testcases.TC005_Flight_SearchListingTestCase"/>
</testsuite> <!-- com.hybridframework_Selenium.testcases.TC005_Flight_SearchListingTestCase -->
