<?xml version="1.0" encoding="UTF-8"?>
<!-- Generated by org.testng.reporters.JUnitReportReporter -->
<testsuite name="com.hybridframework_Selenium.testScripts.TC001_LoginPageTestcase" tests="6" time="25.268" ignored="0" failures="0" timestamp="15 Jul 2017 11:11:41 GMT" skipped="5" hostname="admin-PC" errors="0">
  <testcase name="LoginPagetestCase" time="0.010" classname="com.hybridframework_Selenium.testScripts.TC001_LoginPageTestcase">
    <skipped/>
  </testcase> <!-- LoginPagetestCase -->
  <testcase name="LoginPagetestCase" time="25.248" classname="com.hybridframework_Selenium.testScripts.TC001_LoginPageTestcase"/>
  <testcase name="LoginPagetestCase" time="0.001" classname="com.hybridframework_Selenium.testScripts.TC001_LoginPageTestcase">
    <skipped/>
  </testcase> <!-- LoginPagetestCase -->
  <testcase name="LoginPagetestCase" time="0.001" classname="com.hybridframework_Selenium.testScripts.TC001_LoginPageTestcase">
    <skipped/>
  </testcase> <!-- LoginPagetestCase -->
  <testcase name="LoginPagetestCase" time="0.005" classname="com.hybridframework_Selenium.testScripts.TC001_LoginPageTestcase">
    <skipped/>
  </testcase> <!-- LoginPagetestCase -->
  <testcase name="LoginPagetestCase" time="0.003" classname="com.hybridframework_Selenium.testScripts.TC001_LoginPageTestcase">
    <skipped/>
  </testcase> <!-- LoginPagetestCase -->
</testsuite> <!-- com.hybridframework_Selenium.testScripts.TC001_LoginPageTestcase -->
