<?xml version="1.0" encoding="UTF-8"?>
<!-- Generated by org.testng.reporters.JUnitReportReporter -->
<testsuite name="com.hybridframework_Selenium.practice.RandomHotelSelection" tests="1" time="110.738" ignored="0" failures="0" timestamp="10 Sep 2017 11:26:26 GMT" skipped="0" hostname="admin-PC" errors="0">
  <testcase name="randomHotelSelect" time="110.738" classname="com.hybridframework_Selenium.practice.RandomHotelSelection"/>
</testsuite> <!-- com.hybridframework_Selenium.practice.RandomHotelSelection -->
