<?xml version="1.0" encoding="UTF-8"?>
<!-- Generated by org.testng.reporters.JUnitReportReporter -->
<testsuite name="com.hybridframework_Selenium.testcases.TC002_SignUpPageTestcases" tests="1" time="23.151" ignored="0" failures="0" timestamp="16 Jul 2017 13:24:44 GMT" skipped="0" hostname="admin-PC" errors="0">
  <testcase name="SignUpPageTestcases" time="23.151" classname="com.hybridframework_Selenium.testcases.TC002_SignUpPageTestcases"/>
</testsuite> <!-- com.hybridframework_Selenium.testcases.TC002_SignUpPageTestcases -->
