<?xml version="1.0" encoding="UTF-8"?>
<!-- Generated by org.testng.reporters.JUnitReportReporter -->
<testsuite name="com.hybridframework_Selenium.testcases.TC004_NormalSignUpFlowTest" tests="1" time="48.483" ignored="0" failures="0" timestamp="03 Sep 2017 08:17:33 GMT" skipped="0" hostname="admin-PC" errors="0">
  <testcase name="normalSignUpTestcase" time="48.483" classname="com.hybridframework_Selenium.testcases.TC004_NormalSignUpFlowTest"/>
</testsuite> <!-- com.hybridframework_Selenium.testcases.TC004_NormalSignUpFlowTest -->
