<?xml version="1.0" encoding="UTF-8"?>
<!-- Generated by org.testng.reporters.JUnitReportReporter -->
<testsuite name="com.hybridframework_Selenium.testcases.TC006_HotelSearchlistTestCase" tests="1" time="133.052" ignored="0" failures="0" timestamp="30 Aug 2017 11:43:29 GMT" skipped="0" hostname="admin-PC" errors="0">
  <testcase name="hotelSearchlistTestCase" time="133.052" classname="com.hybridframework_Selenium.testcases.TC006_HotelSearchlistTestCase"/>
</testsuite> <!-- com.hybridframework_Selenium.testcases.TC006_HotelSearchlistTestCase -->
