<?xml version="1.0" encoding="UTF-8"?>
<!-- Generated by org.testng.reporters.JUnitReportReporter -->
<testsuite name="practices.FacebookTest" tests="1" time="28.578" ignored="0" failures="0" timestamp="04 Sep 2017 09:40:47 GMT" skipped="0" hostname="admin-PC" errors="0">
  <testcase name="logintest" time="28.578" classname="practices.FacebookTest"/>
</testsuite> <!-- practices.FacebookTest -->
