<?xml version="1.0" encoding="UTF-8"?>
<!-- Generated by org.testng.reporters.JUnitReportReporter -->
<testsuite name="practices.TestSample" tests="1" time="32.579" ignored="0" failures="0" timestamp="06 Sep 2017 04:42:30 GMT" skipped="0" hostname="admin-PC" errors="0">
  <testcase name="sample" time="32.579" classname="practices.TestSample"/>
</testsuite> <!-- practices.TestSample -->
