<?xml version="1.0" encoding="UTF-8"?>
<!-- Generated by org.testng.reporters.JUnitReportReporter -->
<testsuite name="com.hybridframework_Selenium.practice.SearchingFlights" tests="1" time="116.724" ignored="0" failures="0" timestamp="21 Jul 2017 11:17:24 GMT" skipped="0" hostname="admin-PC" errors="0">
  <testcase name="chooseFlights" time="116.724" classname="com.hybridframework_Selenium.practice.SearchingFlights"/>
</testsuite> <!-- com.hybridframework_Selenium.practice.SearchingFlights -->
