<?xml version="1.0" encoding="UTF-8"?>
<!-- Generated by org.testng.reporters.JUnitReportReporter -->
<testsuite name="com.hybridframework_Selenium.testScripts.LoginPage" tests="1" time="7.290" ignored="0" failures="0" timestamp="15 Jul 2017 06:31:20 GMT" skipped="0" hostname="admin-PC" errors="0">
  <testcase name="LoginPagetestCase" time="7.290" classname="com.hybridframework_Selenium.testScripts.LoginPage"/>
</testsuite> <!-- com.hybridframework_Selenium.testScripts.LoginPage -->
