<?xml version="1.0" encoding="UTF-8"?>
<!-- Generated by org.testng.reporters.JUnitReportReporter -->
<testsuite name="com.hybridframework_Selenium.testcases.TC001_LoginPageTestcase" tests="6" time="88.037" ignored="0" failures="0" timestamp="28 Aug 2017 18:00:46 GMT" skipped="4" hostname="admin-PC" errors="0">
  <testcase name="loginTestwithDifferentscenarios" time="0.142" classname="com.hybridframework_Selenium.testcases.TC001_LoginPageTestcase">
    <skipped/>
  </testcase> <!-- loginTestwithDifferentscenarios -->
  <testcase name="loginTestwithDifferentscenarios" time="0.207" classname="com.hybridframework_Selenium.testcases.TC001_LoginPageTestcase">
    <skipped/>
  </testcase> <!-- loginTestwithDifferentscenarios -->
  <testcase name="loginTestwithDifferentscenarios" time="49.541" classname="com.hybridframework_Selenium.testcases.TC001_LoginPageTestcase"/>
  <testcase name="loginTestwithDifferentscenarios" time="1.748" classname="com.hybridframework_Selenium.testcases.TC001_LoginPageTestcase">
    <skipped/>
  </testcase> <!-- loginTestwithDifferentscenarios -->
  <testcase name="loginTestwithDifferentscenarios" time="0.198" classname="com.hybridframework_Selenium.testcases.TC001_LoginPageTestcase">
    <skipped/>
  </testcase> <!-- loginTestwithDifferentscenarios -->
  <testcase name="loginTestwithDifferentscenarios" time="36.201" classname="com.hybridframework_Selenium.testcases.TC001_LoginPageTestcase"/>
</testsuite> <!-- com.hybridframework_Selenium.testcases.TC001_LoginPageTestcase -->
