<?xml version="1.0" encoding="UTF-8"?>
<!-- Generated by org.testng.reporters.JUnitReportReporter -->
<testsuite name="com.hybridframework_Selenium.testcases.TC001_LoginPageTestcase" tests="6" time="38.649" ignored="0" failures="0" timestamp="10 Sep 2017 16:42:44 GMT" skipped="4" hostname="admin-PC" errors="0">
  <testcase name="loginTestwithDifferentscenarios" time="19.649" classname="com.hybridframework_Selenium.testcases.TC001_LoginPageTestcase"/>
  <testcase name="loginTestwithDifferentscenarios" time="0.132" classname="com.hybridframework_Selenium.testcases.TC001_LoginPageTestcase">
    <skipped/>
  </testcase> <!-- loginTestwithDifferentscenarios -->
  <testcase name="loginTestwithDifferentscenarios" time="0.071" classname="com.hybridframework_Selenium.testcases.TC001_LoginPageTestcase">
    <skipped/>
  </testcase> <!-- loginTestwithDifferentscenarios -->
  <testcase name="loginTestwithDifferentscenarios" time="0.175" classname="com.hybridframework_Selenium.testcases.TC001_LoginPageTestcase">
    <skipped/>
  </testcase> <!-- loginTestwithDifferentscenarios -->
  <testcase name="loginTestwithDifferentscenarios" time="0.799" classname="com.hybridframework_Selenium.testcases.TC001_LoginPageTestcase">
    <skipped/>
  </testcase> <!-- loginTestwithDifferentscenarios -->
  <testcase name="loginTestwithDifferentscenarios" time="17.823" classname="com.hybridframework_Selenium.testcases.TC001_LoginPageTestcase"/>
</testsuite> <!-- com.hybridframework_Selenium.testcases.TC001_LoginPageTestcase -->
