<?xml version="1.0" encoding="UTF-8"?>
<!-- Generated by org.testng.reporters.JUnitReportReporter -->
<testsuite name="com.hybridframework_Selenium.testcases.TC005_Flight_SearchListingTestCase" tests="1" time="54.712" ignored="0" failures="0" timestamp="10 Sep 2017 17:23:17 GMT" skipped="0" hostname="admin-PC" errors="0">
  <testcase name="flight_SearchListingTestCase" time="54.712" classname="com.hybridframework_Selenium.testcases.TC005_Flight_SearchListingTestCase"/>
</testsuite> <!-- com.hybridframework_Selenium.testcases.TC005_Flight_SearchListingTestCase -->
