<?xml version="1.0" encoding="UTF-8"?>
<!-- Generated by org.testng.reporters.JUnitReportReporter -->
<testsuite name="com.hybridframework_Selenium.testcases.TC002_SignUpPageTestcases" tests="1" time="48.058" ignored="0" failures="0" timestamp="06 Aug 2017 04:59:59 GMT" skipped="0" hostname="admin-PC" errors="0">
  <testcase name="signUpPageTestcases" time="48.058" classname="com.hybridframework_Selenium.testcases.TC002_SignUpPageTestcases"/>
</testsuite> <!-- com.hybridframework_Selenium.testcases.TC002_SignUpPageTestcases -->
