<?xml version="1.0" encoding="UTF-8"?>
<!-- Generated by org.testng.reporters.JUnitReportReporter -->
<testsuite name="com.hybridframework_Selenium.testcases.TC003_NormalFlowLoginTest" tests="1" time="85.628" ignored="0" failures="0" timestamp="03 Sep 2017 17:11:24 GMT" skipped="0" hostname="admin-PC" errors="0">
  <testcase name="normalFlowLoginTestcase" time="85.628" classname="com.hybridframework_Selenium.testcases.TC003_NormalFlowLoginTest"/>
</testsuite> <!-- com.hybridframework_Selenium.testcases.TC003_NormalFlowLoginTest -->
