<?xml version="1.0" encoding="UTF-8"?>
<!-- Generated by org.testng.reporters.JUnitReportReporter -->
<testsuite name="com.hybridframework_Selenium.testcases.TC002_SignUpPageTestcases" tests="4" time="23.461" ignored="0" failures="0" timestamp="03 Sep 2017 08:33:47 GMT" skipped="3" hostname="admin-PC" errors="0">
  <testcase name="signUpPageTestcases" time="0.022" classname="com.hybridframework_Selenium.testcases.TC002_SignUpPageTestcases">
    <skipped/>
  </testcase> <!-- signUpPageTestcases -->
  <testcase name="signUpPageTestcases" time="0.026" classname="com.hybridframework_Selenium.testcases.TC002_SignUpPageTestcases">
    <skipped/>
  </testcase> <!-- signUpPageTestcases -->
  <testcase name="signUpPageTestcases" time="0.020" classname="com.hybridframework_Selenium.testcases.TC002_SignUpPageTestcases">
    <skipped/>
  </testcase> <!-- signUpPageTestcases -->
  <testcase name="signUpPageTestcases" time="23.393" classname="com.hybridframework_Selenium.testcases.TC002_SignUpPageTestcases"/>
</testsuite> <!-- com.hybridframework_Selenium.testcases.TC002_SignUpPageTestcases -->
