<?xml version="1.0" encoding="UTF-8"?>
<!-- Generated by org.testng.reporters.JUnitReportReporter -->
<testsuite name="com.hybridframework_Selenium.testcases.TC003_NormalFlowLoginTest" tests="1" time="16.986" ignored="0" failures="0" timestamp="10 Sep 2017 17:23:17 GMT" skipped="0" hostname="admin-PC" errors="0">
  <testcase name="normalFlowLoginTestcase" time="16.986" classname="com.hybridframework_Selenium.testcases.TC003_NormalFlowLoginTest"/>
</testsuite> <!-- com.hybridframework_Selenium.testcases.TC003_NormalFlowLoginTest -->
