<?xml version="1.0" encoding="UTF-8"?>
<!-- Generated by org.testng.reporters.JUnitReportReporter -->
<testsuite name="com.hybridframework_Selenium.testcases.TC002_SignUpPageTestcases" tests="4" time="20.676" ignored="0" failures="0" timestamp="10 Sep 2017 17:23:17 GMT" skipped="3" hostname="admin-PC" errors="0">
  <testcase name="signUpPageTestcases" time="19.747" classname="com.hybridframework_Selenium.testcases.TC002_SignUpPageTestcases"/>
  <testcase name="signUpPageTestcases" time="0.030" classname="com.hybridframework_Selenium.testcases.TC002_SignUpPageTestcases">
    <skipped/>
  </testcase> <!-- signUpPageTestcases -->
  <testcase name="signUpPageTestcases" time="0.029" classname="com.hybridframework_Selenium.testcases.TC002_SignUpPageTestcases">
    <skipped/>
  </testcase> <!-- signUpPageTestcases -->
  <testcase name="signUpPageTestcases" time="0.870" classname="com.hybridframework_Selenium.testcases.TC002_SignUpPageTestcases">
    <skipped/>
  </testcase> <!-- signUpPageTestcases -->
</testsuite> <!-- com.hybridframework_Selenium.testcases.TC002_SignUpPageTestcases -->
