<?xml version="1.0" encoding="UTF-8"?>
<!-- Generated by org.testng.reporters.JUnitReportReporter -->
<testsuite name="com.hybridframework_Selenium.testcases.TC001_LoginPageTestcase" tests="6" time="0.479" ignored="0" failures="0" timestamp="31 Jul 2017 13:41:51 GMT" skipped="6" hostname="admin-PC" errors="0">
  <testcase name="loginTestwithDifferentscenarios" time="0.078" classname="com.hybridframework_Selenium.testcases.TC001_LoginPageTestcase">
    <skipped/>
  </testcase> <!-- loginTestwithDifferentscenarios -->
  <testcase name="loginTestwithDifferentscenarios" time="0.063" classname="com.hybridframework_Selenium.testcases.TC001_LoginPageTestcase">
    <skipped/>
  </testcase> <!-- loginTestwithDifferentscenarios -->
  <testcase name="loginTestwithDifferentscenarios" time="0.061" classname="com.hybridframework_Selenium.testcases.TC001_LoginPageTestcase">
    <skipped/>
  </testcase> <!-- loginTestwithDifferentscenarios -->
  <testcase name="loginTestwithDifferentscenarios" time="0.085" classname="com.hybridframework_Selenium.testcases.TC001_LoginPageTestcase">
    <skipped/>
  </testcase> <!-- loginTestwithDifferentscenarios -->
  <testcase name="loginTestwithDifferentscenarios" time="0.093" classname="com.hybridframework_Selenium.testcases.TC001_LoginPageTestcase">
    <skipped/>
  </testcase> <!-- loginTestwithDifferentscenarios -->
  <testcase name="loginTestwithDifferentscenarios" time="0.099" classname="com.hybridframework_Selenium.testcases.TC001_LoginPageTestcase">
    <skipped/>
  </testcase> <!-- loginTestwithDifferentscenarios -->
</testsuite> <!-- com.hybridframework_Selenium.testcases.TC001_LoginPageTestcase -->
