<?xml version="1.0" encoding="UTF-8"?>
<!-- Generated by org.testng.reporters.JUnitReportReporter -->
<testsuite name="com.hybridframework_Selenium.testcases.TC006_HotelSearchlistTestCase" tests="1" time="123.238" ignored="0" failures="0" timestamp="03 Sep 2017 08:33:47 GMT" skipped="0" hostname="admin-PC" errors="0">
  <testcase name="hotelSearchlistTestCase" time="123.238" classname="com.hybridframework_Selenium.testcases.TC006_HotelSearchlistTestCase"/>
</testsuite> <!-- com.hybridframework_Selenium.testcases.TC006_HotelSearchlistTestCase -->
