<?xml version="1.0" encoding="UTF-8"?>
<!-- Generated by org.testng.reporters.JUnitReportReporter -->
<testsuite name="com.hybridframework_Selenium.testcases.TC002_SignUpPageTestcases" tests="4" time="29.984" ignored="0" failures="0" timestamp="03 Sep 2017 16:42:53 GMT" skipped="3" hostname="admin-PC" errors="0">
  <testcase name="signUpPageTestcases" time="0.022" classname="com.hybridframework_Selenium.testcases.TC002_SignUpPageTestcases">
    <skipped/>
  </testcase> <!-- signUpPageTestcases -->
  <testcase name="signUpPageTestcases" time="0.020" classname="com.hybridframework_Selenium.testcases.TC002_SignUpPageTestcases">
    <skipped/>
  </testcase> <!-- signUpPageTestcases -->
  <testcase name="signUpPageTestcases" time="29.912" classname="com.hybridframework_Selenium.testcases.TC002_SignUpPageTestcases"/>
  <testcase name="signUpPageTestcases" time="0.030" classname="com.hybridframework_Selenium.testcases.TC002_SignUpPageTestcases">
    <skipped/>
  </testcase> <!-- signUpPageTestcases -->
</testsuite> <!-- com.hybridframework_Selenium.testcases.TC002_SignUpPageTestcases -->
